<?xml version="1.0" encoding="UTF-8"?>
<testsuite xmlns:xsi="http://www.w3.org/2001/XMLSchema-instance" xsi:noNamespaceSchemaLocation="https://maven.apache.org/surefire/maven-surefire-plugin/xsd/surefire-test-report-3.0.xsd" version="3.0" name="uk.co.danielbryant.djshopping.shopfront.ShopfrontApplicationTests" time="4.646" tests="1" errors="0" skipped="0" failures="0">
  <properties>
[...]
</properties>
  <testcase name="contextLoads" classname="uk.co.danielbryant.djshopping.shopfront.ShopfrontApplicationTests" time="0.016">
    <system-out><![CDATA[12:40:40.168 [main] DEBUG org.springframework.test.context.junit4.SpringJUnit4ClassRunner - SpringJUnit4ClassRunner constructor called with [class uk.co.danielbryant.djshopping.shopfront.ShopfrontApplicationTests]
12:40:40.168 [main] DEBUG org.springframework.test.context.BootstrapUtils - Instantiating CacheAwareContextLoaderDelegate from class [org.springframework.test.context.cache.DefaultCacheAwareContextLoaderDelegate]
12:40:40.168 [main] DEBUG org.springframework.test.context.BootstrapUtils - Instantiating BootstrapContext using constructor [public org.springframework.test.context.support.DefaultBootstrapContext(java.lang.Class,org.springframework.test.context.CacheAwareContextLoaderDelegate)]
12:40:40.184 [main] DEBUG org.springframework.test.context.BootstrapUtils - Instantiating TestContextBootstrapper for test class [uk.co.danielbryant.djshopping.shopfront.ShopfrontApplicationTests] from class [org.springframework.boot.test.context.SpringBootTestContextBootstrapper]
12:40:40.184 [main] INFO org.springframework.boot.test.context.SpringBootTestContextBootstrapper - Neither @ContextConfiguration nor @ContextHierarchy found for test class [uk.co.danielbryant.djshopping.shopfront.ShopfrontApplicationTests], using SpringBootContextLoader
12:40:40.184 [main] DEBUG org.springframework.test.context.support.AbstractContextLoader - Did not detect default resource location for test class [uk.co.danielbryant.djshopping.shopfront.ShopfrontApplicationTests]: class path resource [uk/co/danielbryant/djshopping/shopfront/ShopfrontApplicationTests-context.xml] does not exist
12:40:40.184 [main] DEBUG org.springframework.test.context.support.AbstractContextLoader - Did not detect default resource location for test class [uk.co.danielbryant.djshopping.shopfront.ShopfrontApplicationTests]: class path resource [uk/co/danielbryant/djshopping/shopfront/ShopfrontApplicationTestsContext.groovy] does not exist
12:40:40.184 [main] INFO org.springframework.test.context.support.AbstractContextLoader - Could not detect default resource locations for test class [uk.co.danielbryant.djshopping.shopfront.ShopfrontApplicationTests]: no resource found for suffixes {-context.xml, Context.groovy}.
12:40:40.199 [main] DEBUG org.springframework.test.context.support.ActiveProfilesUtils - Could not find an 'annotation declaring class' for annotation type [org.springframework.test.context.ActiveProfiles] and class [uk.co.danielbryant.djshopping.shopfront.ShopfrontApplicationTests]
12:40:40.214 [main] DEBUG org.springframework.boot.test.context.SpringBootTestContextBootstrapper - @TestExecutionListeners is not present for class [uk.co.danielbryant.djshopping.shopfront.ShopfrontApplicationTests]: using defaults.
12:40:40.214 [main] INFO org.springframework.boot.test.context.SpringBootTestContextBootstrapper - Loaded default TestExecutionListener class names from location [META-INF/spring.factories]: [org.springframework.boot.test.mock.mockito.MockitoTestExecutionListener, org.springframework.boot.test.mock.mockito.ResetMocksTestExecutionListener, org.springframework.boot.test.autoconfigure.restdocs.RestDocsTestExecutionListener, org.springframework.boot.test.autoconfigure.web.client.MockRestServiceServerResetTestExecutionListener, org.springframework.boot.test.autoconfigure.web.servlet.MockMvcPrintOnlyOnFailureTestExecutionListener, org.springframework.boot.test.autoconfigure.web.servlet.WebDriverTestExecutionListener, org.springframework.test.context.web.ServletTestExecutionListener, org.springframework.test.context.support.DirtiesContextBeforeModesTestExecutionListener, org.springframework.test.context.support.DependencyInjectionTestExecutionListener, org.springframework.test.context.support.DirtiesContextTestExecutionListener, org.springframework.test.context.transaction.TransactionalTestExecutionListener, org.springframework.test.context.jdbc.SqlScriptsTestExecutionListener]
12:40:40.230 [main] DEBUG org.springframework.boot.test.context.SpringBootTestContextBootstrapper - Could not instantiate TestExecutionListener [org.springframework.test.context.transaction.TransactionalTestExecutionListener]. Specify custom listener classes or make the default listener classes (and their required dependencies) available. Offending class: [org/springframework/transaction/interceptor/TransactionAttributeSource]
12:40:40.230 [main] DEBUG org.springframework.boot.test.context.SpringBootTestContextBootstrapper - Could not instantiate TestExecutionListener [org.springframework.test.context.jdbc.SqlScriptsTestExecutionListener]. Specify custom listener classes or make the default listener classes (and their required dependencies) available. Offending class: [org/springframework/transaction/interceptor/TransactionAttribute]
12:40:40.230 [main] INFO org.springframework.boot.test.context.SpringBootTestContextBootstrapper - Using TestExecutionListeners: [org.springframework.test.context.web.ServletTestExecutionListener@65e98b1c, org.springframework.test.context.support.DirtiesContextBeforeModesTestExecutionListener@61322f9d, org.springframework.boot.test.mock.mockito.MockitoTestExecutionListener@6ad82709, org.springframework.boot.test.autoconfigure.SpringBootDependencyInjectionTestExecutionListener@510f3d34, org.springframework.test.context.support.DirtiesContextTestExecutionListener@7817fd62, org.springframework.boot.test.mock.mockito.ResetMocksTestExecutionListener@8297b3a, org.springframework.boot.test.autoconfigure.restdocs.RestDocsTestExecutionListener@2362f559, org.springframework.boot.test.autoconfigure.web.client.MockRestServiceServerResetTestExecutionListener@b2c9a9c, org.springframework.boot.test.autoconfigure.web.servlet.MockMvcPrintOnlyOnFailureTestExecutionListener@4c178a76, org.springframework.boot.test.autoconfigure.web.servlet.WebDriverTestExecutionListener@fa4c865]
12:40:40.230 [main] DEBUG org.springframework.test.annotation.ProfileValueUtils - Retrieved @ProfileValueSourceConfiguration [null] for test class [uk.co.danielbryant.djshopping.shopfront.ShopfrontApplicationTests]
12:40:40.230 [main] DEBUG org.springframework.test.annotation.ProfileValueUtils - Retrieved ProfileValueSource type [class org.springframework.test.annotation.SystemProfileValueSource] for class [uk.co.danielbryant.djshopping.shopfront.ShopfrontApplicationTests]
12:40:40.230 [main] DEBUG org.springframework.test.annotation.ProfileValueUtils - Retrieved @ProfileValueSourceConfiguration [null] for test class [uk.co.danielbryant.djshopping.shopfront.ShopfrontApplicationTests]
12:40:40.230 [main] DEBUG org.springframework.test.annotation.ProfileValueUtils - Retrieved ProfileValueSource type [class org.springframework.test.annotation.SystemProfileValueSource] for class [uk.co.danielbryant.djshopping.shopfront.ShopfrontApplicationTests]
12:40:40.236 [main] DEBUG org.springframework.test.annotation.ProfileValueUtils - Retrieved @ProfileValueSourceConfiguration [null] for test class [uk.co.danielbryant.djshopping.shopfront.ShopfrontApplicationTests]
12:40:40.236 [main] DEBUG org.springframework.test.annotation.ProfileValueUtils - Retrieved ProfileValueSource type [class org.springframework.test.annotation.SystemProfileValueSource] for class [uk.co.danielbryant.djshopping.shopfront.ShopfrontApplicationTests]
12:40:40.236 [main] DEBUG org.springframework.test.context.support.AbstractDirtiesContextTestExecutionListener - Before test class: context [DefaultTestContext@58a9760d testClass = ShopfrontApplicationTests, testInstance = [null], testMethod = [null], testException = [null], mergedContextConfiguration = [WebMergedContextConfiguration@71e9ddb4 testClass = ShopfrontApplicationTests, locations = '{}', classes = '{class uk.co.danielbryant.djshopping.shopfront.ShopfrontApplication, class uk.co.danielbryant.djshopping.shopfront.ShopfrontApplication}', contextInitializerClasses = '[]', activeProfiles = '{}', propertySourceLocations = '{}', propertySourceProperties = '{org.springframework.boot.test.context.SpringBootTestContextBootstrapper=true, server.port=0}', contextCustomizers = set[org.springframework.boot.test.context.SpringBootTestContextCustomizer@3f197a46, org.springframework.boot.test.context.filter.ExcludeFilterContextCustomizer@1725dc0f, org.springframework.boot.test.json.DuplicateJsonObjectContextCustomizerFactory$DuplicateJsonObjectContextCustomizer@4facf68f, org.springframework.boot.test.mock.mockito.MockitoContextCustomizer@0, org.springframework.boot.test.autoconfigure.properties.PropertyMappingContextCustomizer@0, org.springframework.boot.test.autoconfigure.web.servlet.WebDriverContextCustomizerFactory$Customizer@1ab3a8c8], resourceBasePath = 'src/main/webapp', contextLoader = 'org.springframework.boot.test.context.SpringBootContextLoader', parent = [null]]], class annotated with @DirtiesContext [false] with mode [null].
12:40:40.236 [main] DEBUG org.springframework.test.annotation.ProfileValueUtils - Retrieved @ProfileValueSourceConfiguration [null] for test class [uk.co.danielbryant.djshopping.shopfront.ShopfrontApplicationTests]
12:40:40.236 [main] DEBUG org.springframework.test.annotation.ProfileValueUtils - Retrieved ProfileValueSource type [class org.springframework.test.annotation.SystemProfileValueSource] for class [uk.co.danielbryant.djshopping.shopfront.ShopfrontApplicationTests]
12:40:40.236 [main] DEBUG org.springframework.test.context.support.DependencyInjectionTestExecutionListener - Performing dependency injection for test context [[DefaultTestContext@58a9760d testClass = ShopfrontApplicationTests, testInstance = uk.co.danielbryant.djshopping.shopfront.ShopfrontApplicationTests@1f59a598, testMethod = [null], testException = [null], mergedContextConfiguration = [WebMergedContextConfiguration@71e9ddb4 testClass = ShopfrontApplicationTests, locations = '{}', classes = '{class uk.co.danielbryant.djshopping.shopfront.ShopfrontApplication, class uk.co.danielbryant.djshopping.shopfront.ShopfrontApplication}', contextInitializerClasses = '[]', activeProfiles = '{}', propertySourceLocations = '{}', propertySourceProperties = '{org.springframework.boot.test.context.SpringBootTestContextBootstrapper=true, server.port=0}', contextCustomizers = set[org.springframework.boot.test.context.SpringBootTestContextCustomizer@3f197a46, org.springframework.boot.test.context.filter.ExcludeFilterContextCustomizer@1725dc0f, org.springframework.boot.test.json.DuplicateJsonObjectContextCustomizerFactory$DuplicateJsonObjectContextCustomizer@4facf68f, org.springframework.boot.test.mock.mockito.MockitoContextCustomizer@0, org.springframework.boot.test.autoconfigure.properties.PropertyMappingContextCustomizer@0, org.springframework.boot.test.autoconfigure.web.servlet.WebDriverContextCustomizerFactory$Customizer@1ab3a8c8], resourceBasePath = 'src/main/webapp', contextLoader = 'org.springframework.boot.test.context.SpringBootContextLoader', parent = [null]]]].
12:40:40.262 [main] DEBUG org.springframework.core.env.StandardEnvironment - Adding PropertySource 'systemProperties' with lowest search precedence
12:40:40.262 [main] DEBUG org.springframework.core.env.StandardEnvironment - Adding PropertySource 'systemEnvironment' with lowest search precedence
12:40:40.262 [main] DEBUG org.springframework.core.env.StandardEnvironment - Initialized StandardEnvironment with PropertySources [MapPropertySource@238357312 {name='systemProperties', properties={java.specification.version=17, sun.cpu.isalist=amd64, sun.jnu.encoding=Cp1252, java.class.path=D:\docker-kubernetes\docker-Java-kubernetes-project\shopfront\target\test-classes;D:\docker-kubernetes\docker-Java-kubernetes-project\shopfront\target\classes;C:\Users\anude\.m2\repository\org\springframework\boot\spring-boot-starter-thymeleaf\1.5.22.RELEASE\spring-boot-starter-thymeleaf-1.5.22.RELEASE.jar;C:\Users\anude\.m2\repository\org\springframework\boot\spring-boot-starter\1.5.22.RELEASE\spring-boot-starter-1.5.22.RELEASE.jar;C:\Users\anude\.m2\repository\org\springframework\boot\spring-boot\1.5.22.RELEASE\spring-boot-1.5.22.RELEASE.jar;C:\Users\anude\.m2\repository\org\springframework\boot\spring-boot-autoconfigure\1.5.22.RELEASE\spring-boot-autoconfigure-1.5.22.RELEASE.jar;C:\Users\anude\.m2\repository\org\springframework\boot\spring-boot-starter-logging\1.5.22.RELEASE\spring-boot-starter-logging-1.5.22.RELEASE.jar;C:\Users\anude\.m2\repository\ch\qos\logback\logback-classic\1.1.11\logback-classic-1.1.11.jar;C:\Users\anude\.m2\repository\ch\qos\logback\logback-core\1.1.11\logback-core-1.1.11.jar;C:\Users\anude\.m2\repository\org\slf4j\jcl-over-slf4j\1.7.26\jcl-over-slf4j-1.7.26.jar;C:\Users\anude\.m2\repository\org\slf4j\jul-to-slf4j\1.7.26\jul-to-slf4j-1.7.26.jar;C:\Users\anude\.m2\repository\org\slf4j\log4j-over-slf4j\1.7.26\log4j-over-slf4j-1.7.26.jar;C:\Users\anude\.m2\repository\org\yaml\snakeyaml\1.17\snakeyaml-1.17.jar;C:\Users\anude\.m2\repository\org\springframework\boot\spring-boot-starter-web\1.5.22.RELEASE\spring-boot-starter-web-1.5.22.RELEASE.jar;C:\Users\anude\.m2\repository\org\springframework\boot\spring-boot-starter-tomcat\1.5.22.RELEASE\spring-boot-starter-tomcat-1.5.22.RELEASE.jar;C:\Users\anude\.m2\repository\org\apache\tomcat\embed\tomcat-embed-core\8.5.43\tomcat-embed-core-8.5.43.jar;C:\Users\anude\.m2\repository\org\apache\tomcat\tomcat-annotations-api\8.5.43\tomcat-annotations-api-8.5.43.jar;C:\Users\anude\.m2\repository\org\apache\tomcat\embed\tomcat-embed-el\8.5.43\tomcat-embed-el-8.5.43.jar;C:\Users\anude\.m2\repository\org\apache\tomcat\embed\tomcat-embed-websocket\8.5.43\tomcat-embed-websocket-8.5.43.jar;C:\Users\anude\.m2\repository\org\hibernate\hibernate-validator\5.3.6.Final\hibernate-validator-5.3.6.Final.jar;C:\Users\anude\.m2\repository\javax\validation\validation-api\1.1.0.Final\validation-api-1.1.0.Final.jar;C:\Users\anude\.m2\repository\org\jboss\logging\jboss-logging\3.3.2.Final\jboss-logging-3.3.2.Final.jar;C:\Users\anude\.m2\repository\com\fasterxml\classmate\1.3.4\classmate-1.3.4.jar;C:\Users\anude\.m2\repository\com\fasterxml\jackson\core\jackson-databind\2.8.11.3\jackson-databind-2.8.11.3.jar;C:\Users\anude\.m2\repository\org\springframework\spring-web\4.3.25.RELEASE\spring-web-4.3.25.RELEASE.jar;C:\Users\anude\.m2\repository\org\springframework\spring-aop\4.3.25.RELEASE\spring-aop-4.3.25.RELEASE.jar;C:\Users\anude\.m2\repository\org\springframework\spring-beans\4.3.25.RELEASE\spring-beans-4.3.25.RELEASE.jar;C:\Users\anude\.m2\repository\org\springframework\spring-webmvc\4.3.25.RELEASE\spring-webmvc-4.3.25.RELEASE.jar;C:\Users\anude\.m2\repository\org\springframework\spring-expression\4.3.25.RELEASE\spring-expression-4.3.25.RELEASE.jar;C:\Users\anude\.m2\repository\org\thymeleaf\thymeleaf-spring4\2.1.6.RELEASE\thymeleaf-spring4-2.1.6.RELEASE.jar;C:\Users\anude\.m2\repository\org\thymeleaf\thymeleaf\2.1.6.RELEASE\thymeleaf-2.1.6.RELEASE.jar;C:\Users\anude\.m2\repository\ognl\ognl\3.0.8\ognl-3.0.8.jar;C:\Users\anude\.m2\repository\org\javassist\javassist\3.21.0-GA\javassist-3.21.0-GA.jar;C:\Users\anude\.m2\repository\org\unbescape\unbescape\1.1.0.RELEASE\unbescape-1.1.0.RELEASE.jar;C:\Users\anude\.m2\repository\org\slf4j\slf4j-api\1.7.26\slf4j-api-1.7.26.jar;C:\Users\anude\.m2\repository\nz\net\ultraq\thymeleaf\thymeleaf-layout-dialect\1.4.0\thymeleaf-layout-dialect-1.4.0.jar;C:\Users\anude\.m2\repository\org\codehaus\groovy\groovy\2.4.17\groovy-2.4.17.jar;C:\Users\anude\.m2\repository\org\springframework\boot\spring-boot-starter-actuator\1.5.22.RELEASE\spring-boot-starter-actuator-1.5.22.RELEASE.jar;C:\Users\anude\.m2\repository\org\springframework\boot\spring-boot-actuator\1.5.22.RELEASE\spring-boot-actuator-1.5.22.RELEASE.jar;C:\Users\anude\.m2\repository\org\springframework\spring-context\4.3.25.RELEASE\spring-context-4.3.25.RELEASE.jar;C:\Users\anude\.m2\repository\org\springframework\cloud\spring-cloud-starter-hystrix\1.3.6.RELEASE\spring-cloud-starter-hystrix-1.3.6.RELEASE.jar;C:\Users\anude\.m2\repository\org\springframework\cloud\spring-cloud-starter\1.2.5.RELEASE\spring-cloud-starter-1.2.5.RELEASE.jar;C:\Users\anude\.m2\repository\org\springframework\cloud\spring-cloud-context\1.2.5.RELEASE\spring-cloud-context-1.2.5.RELEASE.jar;C:\Users\anude\.m2\repository\org\springframework\security\spring-security-crypto\4.2.13.RELEASE\spring-security-crypto-4.2.13.RELEASE.jar;C:\Users\anude\.m2\repository\org\springframework\cloud\spring-cloud-commons\1.2.5.RELEASE\spring-cloud-commons-1.2.5.RELEASE.jar;C:\Users\anude\.m2\repository\org\springframework\security\spring-security-rsa\1.0.3.RELEASE\spring-security-rsa-1.0.3.RELEASE.jar;C:\Users\anude\.m2\repository\org\bouncycastle\bcpkix-jdk15on\1.55\bcpkix-jdk15on-1.55.jar;C:\Users\anude\.m2\repository\org\bouncycastle\bcprov-jdk15on\1.55\bcprov-jdk15on-1.55.jar;C:\Users\anude\.m2\repository\org\springframework\cloud\spring-cloud-netflix-core\1.3.6.RELEASE\spring-cloud-netflix-core-1.3.6.RELEASE.jar;C:\Users\anude\.m2\repository\org\springframework\cloud\spring-cloud-starter-archaius\1.3.6.RELEASE\spring-cloud-starter-archaius-1.3.6.RELEASE.jar;C:\Users\anude\.m2\repository\com\netflix\archaius\archaius-core\0.7.4\archaius-core-0.7.4.jar;C:\Users\anude\.m2\repository\com\google\code\findbugs\jsr305\3.0.1\jsr305-3.0.1.jar;C:\Users\anude\.m2\repository\commons-configuration\commons-configuration\1.8\commons-configuration-1.8.jar;C:\Users\anude\.m2\repository\commons-lang\commons-lang\2.6\commons-lang-2.6.jar;C:\Users\anude\.m2\repository\com\fasterxml\jackson\core\jackson-annotations\2.8.0\jackson-annotations-2.8.0.jar;C:\Users\anude\.m2\repository\com\fasterxml\jackson\core\jackson-core\2.8.11\jackson-core-2.8.11.jar;C:\Users\anude\.m2\repository\com\google\guava\guava\18.0\guava-18.0.jar;C:\Users\anude\.m2\repository\com\netflix\hystrix\hystrix-core\1.5.12\hystrix-core-1.5.12.jar;C:\Users\anude\.m2\repository\io\reactivex\rxjava\1.1.10\rxjava-1.1.10.jar;C:\Users\anude\.m2\repository\org\hdrhistogram\HdrHistogram\2.1.9\HdrHistogram-2.1.9.jar;C:\Users\anude\.m2\repository\com\netflix\hystrix\hystrix-metrics-event-stream\1.5.12\hystrix-metrics-event-stream-1.5.12.jar;C:\Users\anude\.m2\repository\com\netflix\hystrix\hystrix-serialization\1.5.12\hystrix-serialization-1.5.12.jar;C:\Users\anude\.m2\repository\com\fasterxml\jackson\module\jackson-module-afterburner\2.8.11\jackson-module-afterburner-2.8.11.jar;C:\Users\anude\.m2\repository\com\netflix\hystrix\hystrix-javanica\1.5.12\hystrix-javanica-1.5.12.jar;C:\Users\anude\.m2\repository\org\apache\commons\commons-lang3\3.1\commons-lang3-3.1.jar;C:\Users\anude\.m2\repository\org\ow2\asm\asm\5.0.4\asm-5.0.4.jar;C:\Users\anude\.m2\repository\org\aspectj\aspectjweaver\1.8.14\aspectjweaver-1.8.14.jar;C:\Users\anude\.m2\repository\org\springframework\cloud\spring-cloud-starter-eureka\1.3.6.RELEASE\spring-cloud-starter-eureka-1.3.6.RELEASE.jar;C:\Users\anude\.m2\repository\org\springframework\cloud\spring-cloud-netflix-eureka-client\1.3.6.RELEASE\spring-cloud-netflix-eureka-client-1.3.6.RELEASE.jar;C:\Users\anude\.m2\repository\com\netflix\eureka\eureka-client\1.6.2\eureka-client-1.6.2.jar;C:\Users\anude\.m2\repository\org\codehaus\jettison\jettison\1.3.7\jettison-1.3.7.jar;C:\Users\anude\.m2\repository\stax\stax-api\1.0.1\stax-api-1.0.1.jar;C:\Users\anude\.m2\repository\com\netflix\netflix-commons\netflix-eventbus\0.3.0\netflix-eventbus-0.3.0.jar;C:\Users\anude\.m2\repository\com\netflix\netflix-commons\netflix-infix\0.3.0\netflix-infix-0.3.0.jar;C:\Users\anude\.m2\repository\commons-jxpath\commons-jxpath\1.3\commons-jxpath-1.3.jar;C:\Users\anude\.m2\repository\joda-time\joda-time\2.9.9\joda-time-2.9.9.jar;C:\Users\anude\.m2\repository\org\antlr\antlr-runtime\3.4\antlr-runtime-3.4.jar;C:\Users\anude\.m2\repository\org\antlr\stringtemplate\3.2.1\stringtemplate-3.2.1.jar;C:\Users\anude\.m2\repository\antlr\antlr\2.7.7\antlr-2.7.7.jar;C:\Users\anude\.m2\repository\com\google\code\gson\gson\2.8.5\gson-2.8.5.jar;C:\Users\anude\.m2\repository\org\apache\commons\commons-math\2.2\commons-math-2.2.jar;C:\Users\anude\.m2\repository\javax\ws\rs\jsr311-api\1.1.1\jsr311-api-1.1.1.jar;C:\Users\anude\.m2\repository\com\netflix\servo\servo-core\0.10.1\servo-core-0.10.1.jar;C:\Users\anude\.m2\repository\com\netflix\servo\servo-internal\0.10.1\servo-internal-0.10.1.jar;C:\Users\anude\.m2\repository\com\sun\jersey\jersey-core\1.19.1\jersey-core-1.19.1.jar;C:\Users\anude\.m2\repository\com\sun\jersey\jersey-client\1.19.1\jersey-client-1.19.1.jar;C:\Users\anude\.m2\repository\com\sun\jersey\contribs\jersey-apache-client4\1.19.1\jersey-apache-client4-1.19.1.jar;C:\Users\anude\.m2\repository\org\apache\httpcomponents\httpclient\4.5.9\httpclient-4.5.9.jar;C:\Users\anude\.m2\repository\org\apache\httpcomponents\httpcore\4.4.11\httpcore-4.4.11.jar;C:\Users\anude\.m2\repository\commons-codec\commons-codec\1.10\commons-codec-1.10.jar;C:\Users\anude\.m2\repository\com\google\inject\guice\4.1.0\guice-4.1.0.jar;C:\Users\anude\.m2\repository\javax\inject\javax.inject\1\javax.inject-1.jar;C:\Users\anude\.m2\repository\aopalliance\aopalliance\1.0\aopalliance-1.0.jar;C:\Users\anude\.m2\repository\com\netflix\eureka\eureka-core\1.6.2\eureka-core-1.6.2.jar;C:\Users\anude\.m2\repository\org\codehaus\woodstox\woodstox-core-asl\4.4.1\woodstox-core-asl-4.4.1.jar;C:\Users\anude\.m2\repository\javax\xml\stream\stax-api\1.0-2\stax-api-1.0-2.jar;C:\Users\anude\.m2\repository\org\codehaus\woodstox\stax2-api\3.1.4\stax2-api-3.1.4.jar;C:\Users\anude\.m2\repository\org\springframework\cloud\spring-cloud-starter-ribbon\1.3.6.RELEASE\spring-cloud-starter-ribbon-1.3.6.RELEASE.jar;C:\Users\anude\.m2\repository\com\netflix\ribbon\ribbon\2.2.2\ribbon-2.2.2.jar;C:\Users\anude\.m2\repository\com\netflix\ribbon\ribbon-transport\2.2.2\ribbon-transport-2.2.2.jar;C:\Users\anude\.m2\repository\io\reactivex\rxnetty-contexts\0.4.9\rxnetty-contexts-0.4.9.jar;C:\Users\anude\.m2\repository\io\reactivex\rxnetty-servo\0.4.9\rxnetty-servo-0.4.9.jar;C:\Users\anude\.m2\repository\io\reactivex\rxnetty\0.4.9\rxnetty-0.4.9.jar;C:\Users\anude\.m2\repository\io\netty\netty-codec-http\4.0.27.Final\netty-codec-http-4.0.27.Final.jar;C:\Users\anude\.m2\repository\io\netty\netty-codec\4.0.27.Final\netty-codec-4.0.27.Final.jar;C:\Users\anude\.m2\repository\io\netty\netty-handler\4.0.27.Final\netty-handler-4.0.27.Final.jar;C:\Users\anude\.m2\repository\io\netty\netty-transport-native-epoll\4.0.27.Final\netty-transport-native-epoll-4.0.27.Final.jar;C:\Users\anude\.m2\repository\io\netty\netty-common\4.0.27.Final\netty-common-4.0.27.Final.jar;C:\Users\anude\.m2\repository\io\netty\netty-buffer\4.0.27.Final\netty-buffer-4.0.27.Final.jar;C:\Users\anude\.m2\repository\io\netty\netty-transport\4.0.27.Final\netty-transport-4.0.27.Final.jar;C:\Users\anude\.m2\repository\com\netflix\ribbon\ribbon-core\2.2.2\ribbon-core-2.2.2.jar;C:\Users\anude\.m2\repository\com\netflix\ribbon\ribbon-httpclient\2.2.2\ribbon-httpclient-2.2.2.jar;C:\Users\anude\.m2\repository\commons-collections\commons-collections\3.2.2\commons-collections-3.2.2.jar;C:\Users\anude\.m2\repository\com\netflix\netflix-commons\netflix-commons-util\0.1.1\netflix-commons-util-0.1.1.jar;C:\Users\anude\.m2\repository\com\netflix\ribbon\ribbon-loadbalancer\2.2.2\ribbon-loadbalancer-2.2.2.jar;C:\Users\anude\.m2\repository\com\netflix\netflix-commons\netflix-statistics\0.1.1\netflix-statistics-0.1.1.jar;C:\Users\anude\.m2\repository\com\netflix\ribbon\ribbon-eureka\2.2.2\ribbon-eureka-2.2.2.jar;C:\Users\anude\.m2\repository\com\thoughtworks\xstream\xstream\1.4.9\xstream-1.4.9.jar;C:\Users\anude\.m2\repository\xmlpull\xmlpull\1.1.3.1\xmlpull-1.1.3.1.jar;C:\Users\anude\.m2\repository\xpp3\xpp3_min\1.1.4c\xpp3_min-1.1.4c.jar;C:\Users\anude\.m2\repository\org\springframework\boot\spring-boot-starter-test\1.5.22.RELEASE\spring-boot-starter-test-1.5.22.RELEASE.jar;C:\Users\anude\.m2\repository\org\springframework\boot\spring-boot-test\1.5.22.RELEASE\spring-boot-test-1.5.22.RELEASE.jar;C:\Users\anude\.m2\repository\org\springframework\boot\spring-boot-test-autoconfigure\1.5.22.RELEASE\spring-boot-test-autoconfigure-1.5.22.RELEASE.jar;C:\Users\anude\.m2\repository\com\jayway\jsonpath\json-path\2.2.0\json-path-2.2.0.jar;C:\Users\anude\.m2\repository\net\minidev\json-smart\2.2.1\json-smart-2.2.1.jar;C:\Users\anude\.m2\repository\net\minidev\accessors-smart\1.1\accessors-smart-1.1.jar;C:\Users\anude\.m2\repository\junit\junit\4.12\junit-4.12.jar;C:\Users\anude\.m2\repository\org\assertj\assertj-core\2.6.0\assertj-core-2.6.0.jar;C:\Users\anude\.m2\repository\org\mockito\mockito-core\1.10.19\mockito-core-1.10.19.jar;C:\Users\anude\.m2\repository\org\objenesis\objenesis\2.1\objenesis-2.1.jar;C:\Users\anude\.m2\repository\org\hamcrest\hamcrest-core\1.3\hamcrest-core-1.3.jar;C:\Users\anude\.m2\repository\org\hamcrest\hamcrest-library\1.3\hamcrest-library-1.3.jar;C:\Users\anude\.m2\repository\org\skyscreamer\jsonassert\1.4.0\jsonassert-1.4.0.jar;C:\Users\anude\.m2\repository\com\vaadin\external\google\android-json\0.0.20131108.vaadin1\android-json-0.0.20131108.vaadin1.jar;C:\Users\anude\.m2\repository\org\springframework\spring-core\4.3.25.RELEASE\spring-core-4.3.25.RELEASE.jar;C:\Users\anude\.m2\repository\org\springframework\spring-test\4.3.25.RELEASE\spring-test-4.3.25.RELEASE.jar;, java.vm.vendor=Oracle Corporation, sun.arch.data.model=64, user.variant=, java.vendor.url=https://java.oracle.com/, user.timezone=Asia/Calcutta, java.vm.specification.version=17, os.name=Windows 11, sun.java.launcher=SUN_STANDARD, user.country=IN, sun.boot.library.path=C:\Program Files\Java\jdk-17\bin, sun.java.command=C:\Users\anude\AppData\Local\Temp\surefire5145826385605978601\surefirebooter15327247918436151574.jar C:\Users\anude\AppData\Local\Temp\surefire5145826385605978601 2025-04-05T12-40-39_385-jvmRun1 surefire6067531340425883432tmp surefire_01073199794168113827tmp, jdk.debug=release, surefire.test.class.path=D:\docker-kubernetes\docker-Java-kubernetes-project\shopfront\target\test-classes;D:\docker-kubernetes\docker-Java-kubernetes-project\shopfront\target\classes;C:\Users\anude\.m2\repository\org\springframework\boot\spring-boot-starter-thymeleaf\1.5.22.RELEASE\spring-boot-starter-thymeleaf-1.5.22.RELEASE.jar;C:\Users\anude\.m2\repository\org\springframework\boot\spring-boot-starter\1.5.22.RELEASE\spring-boot-starter-1.5.22.RELEASE.jar;C:\Users\anude\.m2\repository\org\springframework\boot\spring-boot\1.5.22.RELEASE\spring-boot-1.5.22.RELEASE.jar;C:\Users\anude\.m2\repository\org\springframework\boot\spring-boot-autoconfigure\1.5.22.RELEASE\spring-boot-autoconfigure-1.5.22.RELEASE.jar;C:\Users\anude\.m2\repository\org\springframework\boot\spring-boot-starter-logging\1.5.22.RELEASE\spring-boot-starter-logging-1.5.22.RELEASE.jar;C:\Users\anude\.m2\repository\ch\qos\logback\logback-classic\1.1.11\logback-classic-1.1.11.jar;C:\Users\anude\.m2\repository\ch\qos\logback\logback-core\1.1.11\logback-core-1.1.11.jar;C:\Users\anude\.m2\repository\org\slf4j\jcl-over-slf4j\1.7.26\jcl-over-slf4j-1.7.26.jar;C:\Users\anude\.m2\repository\org\slf4j\jul-to-slf4j\1.7.26\jul-to-slf4j-1.7.26.jar;C:\Users\anude\.m2\repository\org\slf4j\log4j-over-slf4j\1.7.26\log4j-over-slf4j-1.7.26.jar;C:\Users\anude\.m2\repository\org\yaml\snakeyaml\1.17\snakeyaml-1.17.jar;C:\Users\anude\.m2\repository\org\springframework\boot\spring-boot-starter-web\1.5.22.RELEASE\spring-boot-starter-web-1.5.22.RELEASE.jar;C:\Users\anude\.m2\repository\org\springframework\boot\spring-boot-starter-tomcat\1.5.22.RELEASE\spring-boot-starter-tomcat-1.5.22.RELEASE.jar;C:\Users\anude\.m2\repository\org\apache\tomcat\embed\tomcat-embed-core\8.5.43\tomcat-embed-core-8.5.43.jar;C:\Users\anude\.m2\repository\org\apache\tomcat\tomcat-annotations-api\8.5.43\tomcat-annotations-api-8.5.43.jar;C:\Users\anude\.m2\repository\org\apache\tomcat\embed\tomcat-embed-el\8.5.43\tomcat-embed-el-8.5.43.jar;C:\Users\anude\.m2\repository\org\apache\tomcat\embed\tomcat-embed-websocket\8.5.43\tomcat-embed-websocket-8.5.43.jar;C:\Users\anude\.m2\repository\org\hibernate\hibernate-validator\5.3.6.Final\hibernate-validator-5.3.6.Final.jar;C:\Users\anude\.m2\repository\javax\validation\validation-api\1.1.0.Final\validation-api-1.1.0.Final.jar;C:\Users\anude\.m2\repository\org\jboss\logging\jboss-logging\3.3.2.Final\jboss-logging-3.3.2.Final.jar;C:\Users\anude\.m2\repository\com\fasterxml\classmate\1.3.4\classmate-1.3.4.jar;C:\Users\anude\.m2\repository\com\fasterxml\jackson\core\jackson-databind\2.8.11.3\jackson-databind-2.8.11.3.jar;C:\Users\anude\.m2\repository\org\springframework\spring-web\4.3.25.RELEASE\spring-web-4.3.25.RELEASE.jar;C:\Users\anude\.m2\repository\org\springframework\spring-aop\4.3.25.RELEASE\spring-aop-4.3.25.RELEASE.jar;C:\Users\anude\.m2\repository\org\springframework\spring-beans\4.3.25.RELEASE\spring-beans-4.3.25.RELEASE.jar;C:\Users\anude\.m2\repository\org\springframework\spring-webmvc\4.3.25.RELEASE\spring-webmvc-4.3.25.RELEASE.jar;C:\Users\anude\.m2\repository\org\springframework\spring-expression\4.3.25.RELEASE\spring-expression-4.3.25.RELEASE.jar;C:\Users\anude\.m2\repository\org\thymeleaf\thymeleaf-spring4\2.1.6.RELEASE\thymeleaf-spring4-2.1.6.RELEASE.jar;C:\Users\anude\.m2\repository\org\thymeleaf\thymeleaf\2.1.6.RELEASE\thymeleaf-2.1.6.RELEASE.jar;C:\Users\anude\.m2\repository\ognl\ognl\3.0.8\ognl-3.0.8.jar;C:\Users\anude\.m2\repository\org\javassist\javassist\3.21.0-GA\javassist-3.21.0-GA.jar;C:\Users\anude\.m2\repository\org\unbescape\unbescape\1.1.0.RELEASE\unbescape-1.1.0.RELEASE.jar;C:\Users\anude\.m2\repository\org\slf4j\slf4j-api\1.7.26\slf4j-api-1.7.26.jar;C:\Users\anude\.m2\repository\nz\net\ultraq\thymeleaf\thymeleaf-layout-dialect\1.4.0\thymeleaf-layout-dialect-1.4.0.jar;C:\Users\anude\.m2\repository\org\codehaus\groovy\groovy\2.4.17\groovy-2.4.17.jar;C:\Users\anude\.m2\repository\org\springframework\boot\spring-boot-starter-actuator\1.5.22.RELEASE\spring-boot-starter-actuator-1.5.22.RELEASE.jar;C:\Users\anude\.m2\repository\org\springframework\boot\spring-boot-actuator\1.5.22.RELEASE\spring-boot-actuator-1.5.22.RELEASE.jar;C:\Users\anude\.m2\repository\org\springframework\spring-context\4.3.25.RELEASE\spring-context-4.3.25.RELEASE.jar;C:\Users\anude\.m2\repository\org\springframework\cloud\spring-cloud-starter-hystrix\1.3.6.RELEASE\spring-cloud-starter-hystrix-1.3.6.RELEASE.jar;C:\Users\anude\.m2\repository\org\springframework\cloud\spring-cloud-starter\1.2.5.RELEASE\spring-cloud-starter-1.2.5.RELEASE.jar;C:\Users\anude\.m2\repository\org\springframework\cloud\spring-cloud-context\1.2.5.RELEASE\spring-cloud-context-1.2.5.RELEASE.jar;C:\Users\anude\.m2\repository\org\springframework\security\spring-security-crypto\4.2.13.RELEASE\spring-security-crypto-4.2.13.RELEASE.jar;C:\Users\anude\.m2\repository\org\springframework\cloud\spring-cloud-commons\1.2.5.RELEASE\spring-cloud-commons-1.2.5.RELEASE.jar;C:\Users\anude\.m2\repository\org\springframework\security\spring-security-rsa\1.0.3.RELEASE\spring-security-rsa-1.0.3.RELEASE.jar;C:\Users\anude\.m2\repository\org\bouncycastle\bcpkix-jdk15on\1.55\bcpkix-jdk15on-1.55.jar;C:\Users\anude\.m2\repository\org\bouncycastle\bcprov-jdk15on\1.55\bcprov-jdk15on-1.55.jar;C:\Users\anude\.m2\repository\org\springframework\cloud\spring-cloud-netflix-core\1.3.6.RELEASE\spring-cloud-netflix-core-1.3.6.RELEASE.jar;C:\Users\anude\.m2\repository\org\springframework\cloud\spring-cloud-starter-archaius\1.3.6.RELEASE\spring-cloud-starter-archaius-1.3.6.RELEASE.jar;C:\Users\anude\.m2\repository\com\netflix\archaius\archaius-core\0.7.4\archaius-core-0.7.4.jar;C:\Users\anude\.m2\repository\com\google\code\findbugs\jsr305\3.0.1\jsr305-3.0.1.jar;C:\Users\anude\.m2\repository\commons-configuration\commons-configuration\1.8\commons-configuration-1.8.jar;C:\Users\anude\.m2\repository\commons-lang\commons-lang\2.6\commons-lang-2.6.jar;C:\Users\anude\.m2\repository\com\fasterxml\jackson\core\jackson-annotations\2.8.0\jackson-annotations-2.8.0.jar;C:\Users\anude\.m2\repository\com\fasterxml\jackson\core\jackson-core\2.8.11\jackson-core-2.8.11.jar;C:\Users\anude\.m2\repository\com\google\guava\guava\18.0\guava-18.0.jar;C:\Users\anude\.m2\repository\com\netflix\hystrix\hystrix-core\1.5.12\hystrix-core-1.5.12.jar;C:\Users\anude\.m2\repository\io\reactivex\rxjava\1.1.10\rxjava-1.1.10.jar;C:\Users\anude\.m2\repository\org\hdrhistogram\HdrHistogram\2.1.9\HdrHistogram-2.1.9.jar;C:\Users\anude\.m2\repository\com\netflix\hystrix\hystrix-metrics-event-stream\1.5.12\hystrix-metrics-event-stream-1.5.12.jar;C:\Users\anude\.m2\repository\com\netflix\hystrix\hystrix-serialization\1.5.12\hystrix-serialization-1.5.12.jar;C:\Users\anude\.m2\repository\com\fasterxml\jackson\module\jackson-module-afterburner\2.8.11\jackson-module-afterburner-2.8.11.jar;C:\Users\anude\.m2\repository\com\netflix\hystrix\hystrix-javanica\1.5.12\hystrix-javanica-1.5.12.jar;C:\Users\anude\.m2\repository\org\apache\commons\commons-lang3\3.1\commons-lang3-3.1.jar;C:\Users\anude\.m2\repository\org\ow2\asm\asm\5.0.4\asm-5.0.4.jar;C:\Users\anude\.m2\repository\org\aspectj\aspectjweaver\1.8.14\aspectjweaver-1.8.14.jar;C:\Users\anude\.m2\repository\org\springframework\cloud\spring-cloud-starter-eureka\1.3.6.RELEASE\spring-cloud-starter-eureka-1.3.6.RELEASE.jar;C:\Users\anude\.m2\repository\org\springframework\cloud\spring-cloud-netflix-eureka-client\1.3.6.RELEASE\spring-cloud-netflix-eureka-client-1.3.6.RELEASE.jar;C:\Users\anude\.m2\repository\com\netflix\eureka\eureka-client\1.6.2\eureka-client-1.6.2.jar;C:\Users\anude\.m2\repository\org\codehaus\jettison\jettison\1.3.7\jettison-1.3.7.jar;C:\Users\anude\.m2\repository\stax\stax-api\1.0.1\stax-api-1.0.1.jar;C:\Users\anude\.m2\repository\com\netflix\netflix-commons\netflix-eventbus\0.3.0\netflix-eventbus-0.3.0.jar;C:\Users\anude\.m2\repository\com\netflix\netflix-commons\netflix-infix\0.3.0\netflix-infix-0.3.0.jar;C:\Users\anude\.m2\repository\commons-jxpath\commons-jxpath\1.3\commons-jxpath-1.3.jar;C:\Users\anude\.m2\repository\joda-time\joda-time\2.9.9\joda-time-2.9.9.jar;C:\Users\anude\.m2\repository\org\antlr\antlr-runtime\3.4\antlr-runtime-3.4.jar;C:\Users\anude\.m2\repository\org\antlr\stringtemplate\3.2.1\stringtemplate-3.2.1.jar;C:\Users\anude\.m2\repository\antlr\antlr\2.7.7\antlr-2.7.7.jar;C:\Users\anude\.m2\repository\com\google\code\gson\gson\2.8.5\gson-2.8.5.jar;C:\Users\anude\.m2\repository\org\apache\commons\commons-math\2.2\commons-math-2.2.jar;C:\Users\anude\.m2\repository\javax\ws\rs\jsr311-api\1.1.1\jsr311-api-1.1.1.jar;C:\Users\anude\.m2\repository\com\netflix\servo\servo-core\0.10.1\servo-core-0.10.1.jar;C:\Users\anude\.m2\repository\com\netflix\servo\servo-internal\0.10.1\servo-internal-0.10.1.jar;C:\Users\anude\.m2\repository\com\sun\jersey\jersey-core\1.19.1\jersey-core-1.19.1.jar;C:\Users\anude\.m2\repository\com\sun\jersey\jersey-client\1.19.1\jersey-client-1.19.1.jar;C:\Users\anude\.m2\repository\com\sun\jersey\contribs\jersey-apache-client4\1.19.1\jersey-apache-client4-1.19.1.jar;C:\Users\anude\.m2\repository\org\apache\httpcomponents\httpclient\4.5.9\httpclient-4.5.9.jar;C:\Users\anude\.m2\repository\org\apache\httpcomponents\httpcore\4.4.11\httpcore-4.4.11.jar;C:\Users\anude\.m2\repository\commons-codec\commons-codec\1.10\commons-codec-1.10.jar;C:\Users\anude\.m2\repository\com\google\inject\guice\4.1.0\guice-4.1.0.jar;C:\Users\anude\.m2\repository\javax\inject\javax.inject\1\javax.inject-1.jar;C:\Users\anude\.m2\repository\aopalliance\aopalliance\1.0\aopalliance-1.0.jar;C:\Users\anude\.m2\repository\com\netflix\eureka\eureka-core\1.6.2\eureka-core-1.6.2.jar;C:\Users\anude\.m2\repository\org\codehaus\woodstox\woodstox-core-asl\4.4.1\woodstox-core-asl-4.4.1.jar;C:\Users\anude\.m2\repository\javax\xml\stream\stax-api\1.0-2\stax-api-1.0-2.jar;C:\Users\anude\.m2\repository\org\codehaus\woodstox\stax2-api\3.1.4\stax2-api-3.1.4.jar;C:\Users\anude\.m2\repository\org\springframework\cloud\spring-cloud-starter-ribbon\1.3.6.RELEASE\spring-cloud-starter-ribbon-1.3.6.RELEASE.jar;C:\Users\anude\.m2\repository\com\netflix\ribbon\ribbon\2.2.2\ribbon-2.2.2.jar;C:\Users\anude\.m2\repository\com\netflix\ribbon\ribbon-transport\2.2.2\ribbon-transport-2.2.2.jar;C:\Users\anude\.m2\repository\io\reactivex\rxnetty-contexts\0.4.9\rxnetty-contexts-0.4.9.jar;C:\Users\anude\.m2\repository\io\reactivex\rxnetty-servo\0.4.9\rxnetty-servo-0.4.9.jar;C:\Users\anude\.m2\repository\io\reactivex\rxnetty\0.4.9\rxnetty-0.4.9.jar;C:\Users\anude\.m2\repository\io\netty\netty-codec-http\4.0.27.Final\netty-codec-http-4.0.27.Final.jar;C:\Users\anude\.m2\repository\io\netty\netty-codec\4.0.27.Final\netty-codec-4.0.27.Final.jar;C:\Users\anude\.m2\repository\io\netty\netty-handler\4.0.27.Final\netty-handler-4.0.27.Final.jar;C:\Users\anude\.m2\repository\io\netty\netty-transport-native-epoll\4.0.27.Final\netty-transport-native-epoll-4.0.27.Final.jar;C:\Users\anude\.m2\repository\io\netty\netty-common\4.0.27.Final\netty-common-4.0.27.Final.jar;C:\Users\anude\.m2\repository\io\netty\netty-buffer\4.0.27.Final\netty-buffer-4.0.27.Final.jar;C:\Users\anude\.m2\repository\io\netty\netty-transport\4.0.27.Final\netty-transport-4.0.27.Final.jar;C:\Users\anude\.m2\repository\com\netflix\ribbon\ribbon-core\2.2.2\ribbon-core-2.2.2.jar;C:\Users\anude\.m2\repository\com\netflix\ribbon\ribbon-httpclient\2.2.2\ribbon-httpclient-2.2.2.jar;C:\Users\anude\.m2\repository\commons-collections\commons-collections\3.2.2\commons-collections-3.2.2.jar;C:\Users\anude\.m2\repository\com\netflix\netflix-commons\netflix-commons-util\0.1.1\netflix-commons-util-0.1.1.jar;C:\Users\anude\.m2\repository\com\netflix\ribbon\ribbon-loadbalancer\2.2.2\ribbon-loadbalancer-2.2.2.jar;C:\Users\anude\.m2\repository\com\netflix\netflix-commons\netflix-statistics\0.1.1\netflix-statistics-0.1.1.jar;C:\Users\anude\.m2\repository\com\netflix\ribbon\ribbon-eureka\2.2.2\ribbon-eureka-2.2.2.jar;C:\Users\anude\.m2\repository\com\thoughtworks\xstream\xstream\1.4.9\xstream-1.4.9.jar;C:\Users\anude\.m2\repository\xmlpull\xmlpull\1.1.3.1\xmlpull-1.1.3.1.jar;C:\Users\anude\.m2\repository\xpp3\xpp3_min\1.1.4c\xpp3_min-1.1.4c.jar;C:\Users\anude\.m2\repository\org\springframework\boot\spring-boot-starter-test\1.5.22.RELEASE\spring-boot-starter-test-1.5.22.RELEASE.jar;C:\Users\anude\.m2\repository\org\springframework\boot\spring-boot-test\1.5.22.RELEASE\spring-boot-test-1.5.22.RELEASE.jar;C:\Users\anude\.m2\repository\org\springframework\boot\spring-boot-test-autoconfigure\1.5.22.RELEASE\spring-boot-test-autoconfigure-1.5.22.RELEASE.jar;C:\Users\anude\.m2\repository\com\jayway\jsonpath\json-path\2.2.0\json-path-2.2.0.jar;C:\Users\anude\.m2\repository\net\minidev\json-smart\2.2.1\json-smart-2.2.1.jar;C:\Users\anude\.m2\repository\net\minidev\accessors-smart\1.1\accessors-smart-1.1.jar;C:\Users\anude\.m2\repository\junit\junit\4.12\junit-4.12.jar;C:\Users\anude\.m2\repository\org\assertj\assertj-core\2.6.0\assertj-core-2.6.0.jar;C:\Users\anude\.m2\repository\org\mockito\mockito-core\1.10.19\mockito-core-1.10.19.jar;C:\Users\anude\.m2\repository\org\objenesis\objenesis\2.1\objenesis-2.1.jar;C:\Users\anude\.m2\repository\org\hamcrest\hamcrest-core\1.3\hamcrest-core-1.3.jar;C:\Users\anude\.m2\repository\org\hamcrest\hamcrest-library\1.3\hamcrest-library-1.3.jar;C:\Users\anude\.m2\repository\org\skyscreamer\jsonassert\1.4.0\jsonassert-1.4.0.jar;C:\Users\anude\.m2\repository\com\vaadin\external\google\android-json\0.0.20131108.vaadin1\android-json-0.0.20131108.vaadin1.jar;C:\Users\anude\.m2\repository\org\springframework\spring-core\4.3.25.RELEASE\spring-core-4.3.25.RELEASE.jar;C:\Users\anude\.m2\repository\org\springframework\spring-test\4.3.25.RELEASE\spring-test-4.3.25.RELEASE.jar;, sun.cpu.endian=little, user.home=C:\Users\anude, user.language=en, java.specification.vendor=Oracle Corporation, java.version.date=2024-07-16, java.home=C:\Program Files\Java\jdk-17, file.separator=\, basedir=D:\docker-kubernetes\docker-Java-kubernetes-project\shopfront, java.vm.compressedOopsMode=Zero based, line.separator=
, java.vm.specification.vendor=Oracle Corporation, java.specification.name=Java Platform API Specification, surefire.real.class.path=C:\Users\anude\AppData\Local\Temp\surefire5145826385605978601\surefirebooter15327247918436151574.jar, user.script=, sun.management.compiler=HotSpot 64-Bit Tiered Compilers, java.runtime.version=17.0.12+8-LTS-286, user.name=anude, path.separator=;, os.version=10.0, java.runtime.name=Java(TM) SE Runtime Environment, file.encoding=Cp1252, java.vm.name=Java HotSpot(TM) 64-Bit Server VM, localRepository=C:\Users\anude\.m2\repository, java.vendor.url.bug=https://bugreport.java.com/bugreport/, java.io.tmpdir=C:\Users\anude\AppData\Local\Temp\, java.version=17.0.12, user.dir=D:\docker-kubernetes\docker-Java-kubernetes-project\shopfront, os.arch=amd64, java.vm.specification.name=Java Virtual Machine Specification, sun.os.patch.level=, native.encoding=Cp1252, java.library.path=C:\Program Files\Java\jdk-17\bin;C:\Windows\Sun\Java\bin;C:\Windows\system32;C:\Windows;C:\Program Files\Common Files\Oracle\Java\javapath;C:\Windows\system32;C:\Windows;C:\Windows\System32\Wbem;C:\Windows\System32\WindowsPowerShell\v1.0\;C:\Windows\System32\OpenSSH\;C:\Program Files (x86)\NVIDIA Corporation\PhysX\Common;C:\Program Files\NVIDIA Corporation\NVIDIA NvDLISR;D:\Learn\Softwares\AWS-CLI\;C:\Program Files\dotnet\;D:\Learn\Softwares\software-zips\Git\cmd;C:\Program Files\Docker\Docker\resources\bin;D:\Terraform;C:\Program Files\Java\jdk-17\bin;C:\Program Files (x86)\Groovy\bin;D:\maven\apache-maven-3.9.9-bin\apache-maven-3.9.9\bin;D:\Learn\Softwares\Minikube;C:\Users\anude\AppData\Local\Programs\Python\Python313\Scripts\;C:\Users\anude\AppData\Local\Programs\Python\Python313\;C:\Users\anude\AppData\Local\Microsoft\WindowsApps;D:\Learn\Softwares\VSCODE\Microsoft VS Code\bin;., java.vm.info=mixed mode, sharing, java.vendor=Oracle Corporation, java.vm.version=17.0.12+8-LTS-286, sun.io.unicode.encoding=UnicodeLittle, java.class.version=61.0}}, SystemEnvironmentPropertySource@1101048445 {name='systemEnvironment', properties={PATH=C:\Program Files\Common Files\Oracle\Java\javapath;C:\Windows\system32;C:\Windows;C:\Windows\System32\Wbem;C:\Windows\System32\WindowsPowerShell\v1.0\;C:\Windows\System32\OpenSSH\;C:\Program Files (x86)\NVIDIA Corporation\PhysX\Common;C:\Program Files\NVIDIA Corporation\NVIDIA NvDLISR;D:\Learn\Softwares\AWS-CLI\;C:\Program Files\dotnet\;D:\Learn\Softwares\software-zips\Git\cmd;C:\Program Files\Docker\Docker\resources\bin;D:\Terraform;C:\Program Files\Java\jdk-17\bin;C:\Program Files (x86)\Groovy\bin;D:\maven\apache-maven-3.9.9-bin\apache-maven-3.9.9\bin;D:\Learn\Softwares\Minikube;C:\Users\anude\AppData\Local\Programs\Python\Python313\Scripts\;C:\Users\anude\AppData\Local\Programs\Python\Python313\;C:\Users\anude\AppData\Local\Microsoft\WindowsApps;D:\Learn\Softwares\VSCODE\Microsoft VS Code\bin, USERDOMAIN_ROAMINGPROFILE=ANUDEEP, PROCESSOR_LEVEL=6, SYSTEMDRIVE=C:, SESSIONNAME=Console, ALLUSERSPROFILE=C:\ProgramData, PROCESSOR_ARCHITECTURE=AMD64, DRIVERDATA=C:\Windows\System32\Drivers\DriverData, MAVEN_HOME=D:\maven\apache-maven-3.9.9-bin\apache-maven-3.9.9, PROGRAMFILES=C:\Program Files, PSMODULEPATH=C:\Users\anude\OneDrive\Documents\WindowsPowerShell\Modules;C:\Program Files\WindowsPowerShell\Modules;C:\Windows\system32\WindowsPowerShell\v1.0\Modules, PROGRAMDATA=C:\ProgramData, USERNAME=anude, WDIR=D:\, FPS_BROWSER_USER_PROFILE_STRING=Default, ONEDRIVE=C:\Users\anude\OneDrive, PATHEXT=.COM;.EXE;.BAT;.CMD;.VBS;.VBE;.JS;.JSE;.WSF;.WSH;.MSC;.CPL, ONEDRIVECONSUMER=C:\Users\anude\OneDrive, CLASSWORLDS_JAR="D:\maven\apache-maven-3.9.9-bin\apache-maven-3.9.9\boot\plexus-classworlds-2.8.0.jar", WINDIR=C:\Windows, ENABLELOG=INFO, HOMEPATH=\Users\anude, PROCESSOR_IDENTIFIER=Intel64 Family 6 Model 183 Stepping 1, GenuineIntel, PUBLIC=C:\Users\Public, EFC_14132=1, =::=::\, ZES_ENABLE_SYSMAN=1, IGCCSVC_DB=AQAAANCMnd8BFdERjHoAwE/Cl+sBAAAAj4lLaj2KU0GM8nKy/qJnbwQAAAACAAAAAAAQZgAAAAEAACAAAAA4ndhCFw+52SrApTds89WASw/PF7af5ZjH9YprT+YDKAAAAAAOgAAAAAIAACAAAADiXCzXGRqlDABIo+JkRZdAnBBH1dckoN2JTQsvOc9i8GAAAAAGqalO7UoyystfVHyZS1eyZXrXmhSG3wZLVjuKki3/vYxL0ziQ390K/xz24fN7OdbFptT89hPjYV+PeVTsRxfyaCqiZ7LKg0b6of1+DCqKvzpANyBojxBaEqNdaw3CfsZAAAAAGOSNGD69Se9NhjGVjvuXw5k6/ulxur27brG2Og5lHoGZ4KiMjz2fvogxtyNrZez21OP2v9AzMhx/XpmT4uv9hg==, LOCALAPPDATA=C:\Users\anude\AppData\Local, COMMONPROGRAMFILES(X86)=C:\Program Files (x86)\Common Files, USERDOMAIN=ANUDEEP, FPS_BROWSER_APP_PROFILE_STRING=Internet Explorer, LOGONSERVER=\\ANUDEEP, PROMPT=$P$G, PROGRAMFILES(X86)=C:\Program Files (x86), ERROR_CODE=0, EXEC_DIR=D:\docker-kubernetes\docker-Java-kubernetes-project\shopfront, GROOVY_HOME=C:\Program Files (x86)\Groovy\, APPDATA=C:\Users\anude\AppData\Roaming, ACSVCPORT=17532, PROGRAMW6432=C:\Program Files, SYSTEMROOT=C:\Windows, RLSSVCPORT=22112, MAVEN_CMD_LINE_ARGS=clean package, OS=Windows_NT, COMMONPROGRAMW6432=C:\Program Files\Common Files, COMPUTERNAME=ANUDEEP, COMMONPROGRAMFILES=C:\Program Files\Common Files, COMSPEC=C:\Windows\system32\cmd.exe, JAVACMD=C:\Program Files\Common Files\Oracle\Java\javapath\java.exe, MAVEN_PROJECTBASEDIR=D:\docker-kubernetes\docker-Java-kubernetes-project\shopfront, PROCESSOR_REVISION=b701, CLASSWORLDS_LAUNCHER=org.codehaus.plexus.classworlds.launcher.Launcher, =D:=D:\docker-kubernetes\docker-Java-kubernetes-project\shopfront, TEMP=C:\Users\anude\AppData\Local\Temp, HOMEDRIVE=C:, USERPROFILE=C:\Users\anude, TMP=C:\Users\anude\AppData\Local\Temp, NUMBER_OF_PROCESSORS=16, JVMCONFIG=\.mvn\jvm.config}}]
12:40:40.262 [main] DEBUG org.springframework.test.context.support.TestPropertySourceUtils - Adding inlined properties to environment: {spring.jmx.enabled=false, org.springframework.boot.test.context.SpringBootTestContextBootstrapper=true, server.port=0}
12:40:40.262 [main] DEBUG org.springframework.core.env.StandardEnvironment - Adding PropertySource 'Inlined Test Properties' with highest search precedence
2025-04-05 12:40:40.684  INFO 7008 --- [           main] o.s.core.annotation.AnnotationUtils      : Failed to introspect annotations on class org.springframework.cloud.netflix.eureka.config.EurekaDiscoveryClientConfigServiceBootstrapConfiguration: java.lang.IllegalStateException: Could not obtain annotation attribute value for public abstract java.lang.Class[] org.springframework.boot.autoconfigure.condition.ConditionalOnClass.value()
2025-04-05 12:40:40.689  INFO 7008 --- [           main] s.c.a.AnnotationConfigApplicationContext : Refreshing org.springframework.context.annotation.AnnotationConfigApplicationContext@63a270c9: startup date [Sat Apr 05 12:40:40 IST 2025]; root of context hierarchy
2025-04-05 12:40:40.859  INFO 7008 --- [           main] f.a.AutowiredAnnotationBeanPostProcessor : JSR-330 'javax.inject.Inject' annotation found and supported for autowiring
2025-04-05 12:40:40.888  INFO 7008 --- [           main] trationDelegate$BeanPostProcessorChecker : Bean 'configurationPropertiesRebinderAutoConfiguration' of type [org.springframework.cloud.autoconfigure.ConfigurationPropertiesRebinderAutoConfiguration$$EnhancerBySpringCGLIB$$ac1d935d] is not eligible for getting processed by all BeanPostProcessors (for example: not eligible for auto-proxying)

  .   ____          _            __ _ _
 /\\ / ___'_ __ _ _(_)_ __  __ _ \ \ \ \
( ( )\___ | '_ | '_| | '_ \/ _` | \ \ \ \
 \\/  ___)| |_)| | | | | || (_| |  ) ) ) )
  '  |____| .__|_| |_|_| |_\__, | / / / /
 =========|_|==============|___/=/_/_/_/
 :: Spring Boot ::       (v1.5.22.RELEASE)

2025-04-05 12:40:41.152  INFO 7008 --- [           main] u.c.d.d.s.ShopfrontApplicationTests      : No active profile set, falling back to default profiles: default
2025-04-05 12:40:41.152  INFO 7008 --- [           main] ationConfigEmbeddedWebApplicationContext : Refreshing org.springframework.boot.context.embedded.AnnotationConfigEmbeddedWebApplicationContext@6a0cbc6f: startup date [Sat Apr 05 12:40:41 IST 2025]; parent: org.springframework.context.annotation.AnnotationConfigApplicationContext@63a270c9
2025-04-05 12:40:41.722  INFO 7008 --- [           main] o.s.cloud.context.scope.GenericScope     : BeanFactory id=5d602c1c-4044-328e-aad6-82d251d6a01a
2025-04-05 12:40:41.753  INFO 7008 --- [           main] f.a.AutowiredAnnotationBeanPostProcessor : JSR-330 'javax.inject.Inject' annotation found and supported for autowiring
2025-04-05 12:40:41.816  INFO 7008 --- [           main] trationDelegate$BeanPostProcessorChecker : Bean 'org.springframework.cloud.netflix.metrics.MetricsInterceptorConfiguration$MetricsRestTemplateConfiguration' of type [org.springframework.cloud.netflix.metrics.MetricsInterceptorConfiguration$MetricsRestTemplateConfiguration$$EnhancerBySpringCGLIB$$c23036a1] is not eligible for getting processed by all BeanPostProcessors (for example: not eligible for auto-proxying)
2025-04-05 12:40:41.896  INFO 7008 --- [           main] trationDelegate$BeanPostProcessorChecker : Bean 'org.springframework.cloud.autoconfigure.ConfigurationPropertiesRebinderAutoConfiguration' of type [org.springframework.cloud.autoconfigure.ConfigurationPropertiesRebinderAutoConfiguration$$EnhancerBySpringCGLIB$$ac1d935d] is not eligible for getting processed by all BeanPostProcessors (for example: not eligible for auto-proxying)
2025-04-05 12:40:42.070  INFO 7008 --- [           main] s.b.c.e.t.TomcatEmbeddedServletContainer : Tomcat initialized with port(s): 0 (http)
2025-04-05 12:40:42.095  INFO 7008 --- [           main] o.apache.catalina.core.StandardService   : Starting service [Tomcat]
2025-04-05 12:40:42.095  INFO 7008 --- [           main] org.apache.catalina.core.StandardEngine  : Starting Servlet Engine: Apache Tomcat/8.5.43
2025-04-05 12:40:42.164  INFO 7008 --- [ost-startStop-1] o.a.c.c.C.[Tomcat].[localhost].[/]       : Initializing Spring embedded WebApplicationContext
2025-04-05 12:40:42.164  INFO 7008 --- [ost-startStop-1] o.s.web.context.ContextLoader            : Root WebApplicationContext: initialization completed in 1012 ms
2025-04-05 12:40:42.327  INFO 7008 --- [ost-startStop-1] o.s.b.w.servlet.ServletRegistrationBean  : Mapping servlet: 'dispatcherServlet' to [/]
2025-04-05 12:40:42.330  INFO 7008 --- [ost-startStop-1] o.s.b.w.servlet.FilterRegistrationBean   : Mapping filter: 'metricsFilter' to: [/*]
2025-04-05 12:40:42.330  INFO 7008 --- [ost-startStop-1] o.s.b.w.servlet.FilterRegistrationBean   : Mapping filter: 'characterEncodingFilter' to: [/*]
2025-04-05 12:40:42.330  INFO 7008 --- [ost-startStop-1] o.s.b.w.servlet.FilterRegistrationBean   : Mapping filter: 'hiddenHttpMethodFilter' to: [/*]
2025-04-05 12:40:42.330  INFO 7008 --- [ost-startStop-1] o.s.b.w.servlet.FilterRegistrationBean   : Mapping filter: 'httpPutFormContentFilter' to: [/*]
2025-04-05 12:40:42.330  INFO 7008 --- [ost-startStop-1] o.s.b.w.servlet.FilterRegistrationBean   : Mapping filter: 'requestContextFilter' to: [/*]
2025-04-05 12:40:42.330  INFO 7008 --- [ost-startStop-1] o.s.b.w.servlet.FilterRegistrationBean   : Mapping filter: 'webRequestLoggingFilter' to: [/*]
2025-04-05 12:40:42.330  INFO 7008 --- [ost-startStop-1] o.s.b.w.servlet.FilterRegistrationBean   : Mapping filter: 'applicationContextIdFilter' to: [/*]
2025-04-05 12:40:42.762  WARN 7008 --- [           main] c.n.c.sources.URLConfigurationSource     : No URLs will be polled as dynamic configuration sources.
2025-04-05 12:40:42.762  INFO 7008 --- [           main] c.n.c.sources.URLConfigurationSource     : To enable URLs as dynamic configuration sources, define System property archaius.configurationSource.additionalUrls or make config.properties available on classpath.
2025-04-05 12:40:42.766  INFO 7008 --- [           main] c.netflix.config.DynamicPropertyFactory  : DynamicPropertyFactory is initialized with configuration sources: com.netflix.config.ConcurrentCompositeConfiguration@285bf5ac
2025-04-05 12:40:42.843  WARN 7008 --- [           main] o.s.c.n.a.ArchaiusAutoConfiguration      : No spring.application.name found, defaulting to 'application'
2025-04-05 12:40:42.844  WARN 7008 --- [           main] c.n.c.sources.URLConfigurationSource     : No URLs will be polled as dynamic configuration sources.
2025-04-05 12:40:42.844  INFO 7008 --- [           main] c.n.c.sources.URLConfigurationSource     : To enable URLs as dynamic configuration sources, define System property archaius.configurationSource.additionalUrls or make config.properties available on classpath.
2025-04-05 12:40:43.017  INFO 7008 --- [           main] s.w.s.m.m.a.RequestMappingHandlerAdapter : Looking for @ControllerAdvice: org.springframework.boot.context.embedded.AnnotationConfigEmbeddedWebApplicationContext@6a0cbc6f: startup date [Sat Apr 05 12:40:41 IST 2025]; parent: org.springframework.context.annotation.AnnotationConfigApplicationContext@63a270c9
2025-04-05 12:40:43.159  INFO 7008 --- [           main] s.w.s.m.m.a.RequestMappingHandlerMapping : Mapped "{[/]}" onto public java.lang.String uk.co.danielbryant.djshopping.shopfront.controllers.HomeController.index(org.springframework.ui.Model)
2025-04-05 12:40:43.159  INFO 7008 --- [           main] s.w.s.m.m.a.RequestMappingHandlerMapping : Mapped "{[/products]}" onto public java.util.List<uk.co.danielbryant.djshopping.shopfront.model.Product> uk.co.danielbryant.djshopping.shopfront.resources.ProductResource.getProducts()
2025-04-05 12:40:43.159  INFO 7008 --- [           main] s.w.s.m.m.a.RequestMappingHandlerMapping : Mapped "{[/error]}" onto public org.springframework.http.ResponseEntity<java.util.Map<java.lang.String, java.lang.Object>> org.springframework.boot.autoconfigure.web.BasicErrorController.error(javax.servlet.http.HttpServletRequest)
2025-04-05 12:40:43.159  INFO 7008 --- [           main] s.w.s.m.m.a.RequestMappingHandlerMapping : Mapped "{[/error],produces=[text/html]}" onto public org.springframework.web.servlet.ModelAndView org.springframework.boot.autoconfigure.web.BasicErrorController.errorHtml(javax.servlet.http.HttpServletRequest,javax.servlet.http.HttpServletResponse)
2025-04-05 12:40:43.207  INFO 7008 --- [           main] o.s.w.s.handler.SimpleUrlHandlerMapping  : Mapped URL path [/webjars/**] onto handler of type [class org.springframework.web.servlet.resource.ResourceHttpRequestHandler]
2025-04-05 12:40:43.207  INFO 7008 --- [           main] o.s.w.s.handler.SimpleUrlHandlerMapping  : Mapped URL path [/**] onto handler of type [class org.springframework.web.servlet.resource.ResourceHttpRequestHandler]
2025-04-05 12:40:43.254  INFO 7008 --- [           main] o.s.w.s.handler.SimpleUrlHandlerMapping  : Mapped URL path [/**/favicon.ico] onto handler of type [class org.springframework.web.servlet.resource.ResourceHttpRequestHandler]
2025-04-05 12:40:44.086  INFO 7008 --- [           main] o.s.b.a.e.mvc.EndpointHandlerMapping     : Mapped "{[/env/{name:.*}],methods=[GET],produces=[application/vnd.spring-boot.actuator.v1+json || application/json]}" onto public java.lang.Object org.springframework.boot.actuate.endpoint.mvc.EnvironmentMvcEndpoint.value(java.lang.String)
2025-04-05 12:40:44.086  INFO 7008 --- [           main] o.s.b.a.e.mvc.EndpointHandlerMapping     : Mapped "{[/env || /env.json],methods=[GET],produces=[application/vnd.spring-boot.actuator.v1+json || application/json]}" onto public java.lang.Object org.springframework.boot.actuate.endpoint.mvc.EndpointMvcAdapter.invoke()
2025-04-05 12:40:44.086  INFO 7008 --- [           main] o.s.b.a.e.mvc.EndpointHandlerMapping     : Mapped "{[/health || /health.json],methods=[GET],produces=[application/vnd.spring-boot.actuator.v1+json || application/json]}" onto public java.lang.Object org.springframework.boot.actuate.endpoint.mvc.HealthMvcEndpoint.invoke(javax.servlet.http.HttpServletRequest,java.security.Principal)
2025-04-05 12:40:44.089  INFO 7008 --- [           main] o.s.b.a.e.mvc.EndpointHandlerMapping     : Mapped "{[/beans || /beans.json],methods=[GET],produces=[application/vnd.spring-boot.actuator.v1+json || application/json]}" onto public java.lang.Object org.springframework.boot.actuate.endpoint.mvc.EndpointMvcAdapter.invoke()
2025-04-05 12:40:44.089  INFO 7008 --- [           main] o.s.b.a.e.mvc.EndpointHandlerMapping     : Mapped "{[/autoconfig || /autoconfig.json],methods=[GET],produces=[application/vnd.spring-boot.actuator.v1+json || application/json]}" onto public java.lang.Object org.springframework.boot.actuate.endpoint.mvc.EndpointMvcAdapter.invoke()
2025-04-05 12:40:44.089  INFO 7008 --- [           main] o.s.b.a.e.mvc.EndpointHandlerMapping     : Mapped "{[/mappings || /mappings.json],methods=[GET],produces=[application/vnd.spring-boot.actuator.v1+json || application/json]}" onto public java.lang.Object org.springframework.boot.actuate.endpoint.mvc.EndpointMvcAdapter.invoke()
2025-04-05 12:40:44.089  INFO 7008 --- [           main] o.s.b.a.e.mvc.EndpointHandlerMapping     : Mapped "{[/refresh || /refresh.json],methods=[POST]}" onto public java.lang.Object org.springframework.cloud.endpoint.GenericPostableMvcEndpoint.invoke()
2025-04-05 12:40:44.089  INFO 7008 --- [           main] o.s.b.a.e.mvc.EndpointHandlerMapping     : Mapped "{[/metrics/{name:.*}],methods=[GET],produces=[application/vnd.spring-boot.actuator.v1+json || application/json]}" onto public java.lang.Object org.springframework.boot.actuate.endpoint.mvc.MetricsMvcEndpoint.value(java.lang.String)
2025-04-05 12:40:44.089  INFO 7008 --- [           main] o.s.b.a.e.mvc.EndpointHandlerMapping     : Mapped "{[/metrics || /metrics.json],methods=[GET],produces=[application/vnd.spring-boot.actuator.v1+json || application/json]}" onto public java.lang.Object org.springframework.boot.actuate.endpoint.mvc.EndpointMvcAdapter.invoke()
2025-04-05 12:40:44.089  INFO 7008 --- [           main] o.s.b.a.e.mvc.EndpointHandlerMapping     : Mapped "{[/restart || /restart.json],methods=[POST]}" onto public java.lang.Object org.springframework.cloud.context.restart.RestartMvcEndpoint.invoke()
2025-04-05 12:40:44.089  INFO 7008 --- [           main] o.s.b.a.e.mvc.EndpointHandlerMapping     : Mapped "{[/dump || /dump.json],methods=[GET],produces=[application/vnd.spring-boot.actuator.v1+json || application/json]}" onto public java.lang.Object org.springframework.boot.actuate.endpoint.mvc.EndpointMvcAdapter.invoke()
2025-04-05 12:40:44.089  INFO 7008 --- [           main] o.s.b.a.e.mvc.EndpointHandlerMapping     : Mapped "{[/configprops || /configprops.json],methods=[GET],produces=[application/vnd.spring-boot.actuator.v1+json || application/json]}" onto public java.lang.Object org.springframework.boot.actuate.endpoint.mvc.EndpointMvcAdapter.invoke()
2025-04-05 12:40:44.089  INFO 7008 --- [           main] o.s.b.a.e.mvc.EndpointHandlerMapping     : Mapped "{[/heapdump || /heapdump.json],methods=[GET],produces=[application/octet-stream]}" onto public void org.springframework.boot.actuate.endpoint.mvc.HeapdumpMvcEndpoint.invoke(boolean,javax.servlet.http.HttpServletRequest,javax.servlet.http.HttpServletResponse) throws java.io.IOException,javax.servlet.ServletException
2025-04-05 12:40:44.098  INFO 7008 --- [           main] o.s.b.a.e.mvc.EndpointHandlerMapping     : Mapped "{[/auditevents || /auditevents.json],methods=[GET],produces=[application/vnd.spring-boot.actuator.v1+json || application/json]}" onto public org.springframework.http.ResponseEntity<?> org.springframework.boot.actuate.endpoint.mvc.AuditEventsMvcEndpoint.findByPrincipalAndAfterAndType(java.lang.String,java.util.Date,java.lang.String)
2025-04-05 12:40:44.098  INFO 7008 --- [           main] o.s.b.a.e.mvc.EndpointHandlerMapping     : Mapped "{[/resume || /resume.json],methods=[POST]}" onto public java.lang.Object org.springframework.cloud.endpoint.GenericPostableMvcEndpoint.invoke()
2025-04-05 12:40:44.098  INFO 7008 --- [           main] o.s.b.a.e.mvc.EndpointHandlerMapping     : Mapped "{[/features || /features.json],methods=[GET],produces=[application/vnd.spring-boot.actuator.v1+json || application/json]}" onto public java.lang.Object org.springframework.boot.actuate.endpoint.mvc.EndpointMvcAdapter.invoke()
2025-04-05 12:40:44.098  INFO 7008 --- [           main] o.s.b.a.e.mvc.EndpointHandlerMapping     : Mapped "{[/info || /info.json],methods=[GET],produces=[application/vnd.spring-boot.actuator.v1+json || application/json]}" onto public java.lang.Object org.springframework.boot.actuate.endpoint.mvc.EndpointMvcAdapter.invoke()
2025-04-05 12:40:44.098  INFO 7008 --- [           main] o.s.b.a.e.mvc.EndpointHandlerMapping     : Mapped "{[/hystrix.stream/**]}" onto public org.springframework.web.servlet.ModelAndView org.springframework.cloud.netflix.endpoint.ServletWrappingEndpoint.handle(javax.servlet.http.HttpServletRequest,javax.servlet.http.HttpServletResponse) throws java.lang.Exception
2025-04-05 12:40:44.102  INFO 7008 --- [           main] o.s.b.a.e.mvc.EndpointHandlerMapping     : Mapped "{[/env],methods=[POST]}" onto public java.lang.Object org.springframework.cloud.context.environment.EnvironmentManagerMvcEndpoint.value(java.util.Map<java.lang.String, java.lang.String>)
2025-04-05 12:40:44.102  INFO 7008 --- [           main] o.s.b.a.e.mvc.EndpointHandlerMapping     : Mapped "{[/env/reset],methods=[POST]}" onto public java.util.Map<java.lang.String, java.lang.Object> org.springframework.cloud.context.environment.EnvironmentManagerMvcEndpoint.reset()
2025-04-05 12:40:44.102  INFO 7008 --- [           main] o.s.b.a.e.mvc.EndpointHandlerMapping     : Mapped "{[/pause || /pause.json],methods=[POST]}" onto public java.lang.Object org.springframework.cloud.endpoint.GenericPostableMvcEndpoint.invoke()
2025-04-05 12:40:44.102  INFO 7008 --- [           main] o.s.b.a.e.mvc.EndpointHandlerMapping     : Mapped "{[/loggers/{name:.*}],methods=[GET],produces=[application/vnd.spring-boot.actuator.v1+json || application/json]}" onto public java.lang.Object org.springframework.boot.actuate.endpoint.mvc.LoggersMvcEndpoint.get(java.lang.String)
2025-04-05 12:40:44.102  INFO 7008 --- [           main] o.s.b.a.e.mvc.EndpointHandlerMapping     : Mapped "{[/loggers/{name:.*}],methods=[POST],consumes=[application/vnd.spring-boot.actuator.v1+json || application/json],produces=[application/vnd.spring-boot.actuator.v1+json || application/json]}" onto public java.lang.Object org.springframework.boot.actuate.endpoint.mvc.LoggersMvcEndpoint.set(java.lang.String,java.util.Map<java.lang.String, java.lang.String>)
2025-04-05 12:40:44.102  INFO 7008 --- [           main] o.s.b.a.e.mvc.EndpointHandlerMapping     : Mapped "{[/loggers || /loggers.json],methods=[GET],produces=[application/vnd.spring-boot.actuator.v1+json || application/json]}" onto public java.lang.Object org.springframework.boot.actuate.endpoint.mvc.EndpointMvcAdapter.invoke()
2025-04-05 12:40:44.102  INFO 7008 --- [           main] o.s.b.a.e.mvc.EndpointHandlerMapping     : Mapped "{[/archaius || /archaius.json],methods=[GET],produces=[application/vnd.spring-boot.actuator.v1+json || application/json]}" onto public java.lang.Object org.springframework.boot.actuate.endpoint.mvc.EndpointMvcAdapter.invoke()
2025-04-05 12:40:44.102  INFO 7008 --- [           main] o.s.b.a.e.mvc.EndpointHandlerMapping     : Mapped "{[/trace || /trace.json],methods=[GET],produces=[application/vnd.spring-boot.actuator.v1+json || application/json]}" onto public java.lang.Object org.springframework.boot.actuate.endpoint.mvc.EndpointMvcAdapter.invoke()
2025-04-05 12:40:44.665  INFO 7008 --- [           main] o.s.c.support.DefaultLifecycleProcessor  : Starting beans in phase 2147483647
2025-04-05 12:40:44.671  INFO 7008 --- [           main] ration$HystrixMetricsPollerConfiguration : Starting poller
2025-04-05 12:40:44.734  INFO 7008 --- [           main] s.b.c.e.t.TomcatEmbeddedServletContainer : Tomcat started on port(s): 51603 (http)
2025-04-05 12:40:44.741  INFO 7008 --- [           main] u.c.d.d.s.ShopfrontApplicationTests      : Started ShopfrontApplicationTests in 4.472 seconds (JVM running for 4.796)
]]></system-out>
  </testcase>
</testsuite>